Started GET "/" for 127.0.0.1 at 2017-12-28 17:57:32 -0500
  
ActionController::RoutingError (uninitialized constant PagesController):
  
activesupport (5.0.6) lib/active_support/inflector/methods.rb:268:in `const_get'
activesupport (5.0.6) lib/active_support/inflector/methods.rb:268:in `block in constantize'
activesupport (5.0.6) lib/active_support/inflector/methods.rb:266:in `each'
activesupport (5.0.6) lib/active_support/inflector/methods.rb:266:in `inject'
activesupport (5.0.6) lib/active_support/inflector/methods.rb:266:in `constantize'
actionpack (5.0.6) lib/action_dispatch/http/request.rb:81:in `controller_class'
actionpack (5.0.6) lib/action_dispatch/routing/route_set.rb:44:in `controller'
actionpack (5.0.6) lib/action_dispatch/routing/route_set.rb:30:in `serve'
actionpack (5.0.6) lib/action_dispatch/journey/router.rb:39:in `block in serve'
actionpack (5.0.6) lib/action_dispatch/journey/router.rb:26:in `each'
actionpack (5.0.6) lib/action_dispatch/journey/router.rb:26:in `serve'
actionpack (5.0.6) lib/action_dispatch/routing/route_set.rb:727:in `call'
rack (2.0.3) lib/rack/etag.rb:25:in `call'
rack (2.0.3) lib/rack/conditional_get.rb:25:in `call'
rack (2.0.3) lib/rack/head.rb:12:in `call'
rack (2.0.3) lib/rack/session/abstract/id.rb:232:in `context'
rack (2.0.3) lib/rack/session/abstract/id.rb:226:in `call'
actionpack (5.0.6) lib/action_dispatch/middleware/cookies.rb:613:in `call'
activerecord (5.0.6) lib/active_record/migration.rb:553:in `call'
actionpack (5.0.6) lib/action_dispatch/middleware/callbacks.rb:38:in `block in call'
activesupport (5.0.6) lib/active_support/callbacks.rb:97:in `__run_callbacks__'
activesupport (5.0.6) lib/active_support/callbacks.rb:750:in `_run_call_callbacks'
activesupport (5.0.6) lib/active_support/callbacks.rb:90:in `run_callbacks'
actionpack (5.0.6) lib/action_dispatch/middleware/callbacks.rb:36:in `call'
actionpack (5.0.6) lib/action_dispatch/middleware/executor.rb:12:in `call'
actionpack (5.0.6) lib/action_dispatch/middleware/remote_ip.rb:79:in `call'
actionpack (5.0.6) lib/action_dispatch/middleware/debug_exceptions.rb:49:in `call'
web-console (3.5.1) lib/web_console/middleware.rb:135:in `call_app'
web-console (3.5.1) lib/web_console/middleware.rb:28:in `block in call'
web-console (3.5.1) lib/web_console/middleware.rb:18:in `catch'
web-console (3.5.1) lib/web_console/middleware.rb:18:in `call'
actionpack (5.0.6) lib/action_dispatch/middleware/show_exceptions.rb:31:in `call'
railties (5.0.6) lib/rails/rack/logger.rb:36:in `call_app'
railties (5.0.6) lib/rails/rack/logger.rb:24:in `block in call'
activesupport (5.0.6) lib/active_support/tagged_logging.rb:69:in `block in tagged'
activesupport (5.0.6) lib/active_support/tagged_logging.rb:26:in `tagged'
activesupport (5.0.6) lib/active_support/tagged_logging.rb:69:in `tagged'
railties (5.0.6) lib/rails/rack/logger.rb:24:in `call'
sprockets-rails (3.2.1) lib/sprockets/rails/quiet_assets.rb:13:in `call'
actionpack (5.0.6) lib/action_dispatch/middleware/request_id.rb:24:in `call'
rack (2.0.3) lib/rack/method_override.rb:22:in `call'
rack (2.0.3) lib/rack/runtime.rb:22:in `call'
activesupport (5.0.6) lib/active_support/cache/strategy/local_cache_middleware.rb:28:in `call'
actionpack (5.0.6) lib/action_dispatch/middleware/executor.rb:12:in `call'
actionpack (5.0.6) lib/action_dispatch/middleware/static.rb:136:in `call'
rack (2.0.3) lib/rack/sendfile.rb:111:in `call'
railties (5.0.6) lib/rails/engine.rb:522:in `call'
puma (3.11.0) lib/puma/configuration.rb:225:in `call'
puma (3.11.0) lib/puma/server.rb:624:in `handle_request'
puma (3.11.0) lib/puma/server.rb:438:in `process_client'
puma (3.11.0) lib/puma/server.rb:302:in `block in run'
puma (3.11.0) lib/puma/thread_pool.rb:120:in `block in spawn_thread'
  Rendering /Users/gcurl/.rbenv/versions/2.3.0/lib/ruby/gems/2.3.0/gems/actionpack-5.0.6/lib/action_dispatch/middleware/templates/rescues/routing_error.html.erb within rescues/layout
  Rendering /Users/gcurl/.rbenv/versions/2.3.0/lib/ruby/gems/2.3.0/gems/actionpack-5.0.6/lib/action_dispatch/middleware/templates/rescues/_trace.html.erb
  Rendered /Users/gcurl/.rbenv/versions/2.3.0/lib/ruby/gems/2.3.0/gems/actionpack-5.0.6/lib/action_dispatch/middleware/templates/rescues/_trace.html.erb (1.8ms)
  Rendered collection of /Users/gcurl/.rbenv/versions/2.3.0/lib/ruby/gems/2.3.0/gems/actionpack-5.0.6/lib/action_dispatch/middleware/templates/routes/_route.html.erb [1 times] (9.5ms)
  Rendered /Users/gcurl/.rbenv/versions/2.3.0/lib/ruby/gems/2.3.0/gems/actionpack-5.0.6/lib/action_dispatch/middleware/templates/routes/_table.html.erb (19.3ms)
  Rendering /Users/gcurl/.rbenv/versions/2.3.0/lib/ruby/gems/2.3.0/gems/actionpack-5.0.6/lib/action_dispatch/middleware/templates/rescues/_request_and_response.html.erb
  Rendered /Users/gcurl/.rbenv/versions/2.3.0/lib/ruby/gems/2.3.0/gems/actionpack-5.0.6/lib/action_dispatch/middleware/templates/rescues/_request_and_response.html.erb (17.4ms)
  Rendered /Users/gcurl/.rbenv/versions/2.3.0/lib/ruby/gems/2.3.0/gems/actionpack-5.0.6/lib/action_dispatch/middleware/templates/rescues/routing_error.html.erb within rescues/layout (196.2ms)
Started GET "/" for 127.0.0.1 at 2017-12-28 18:00:10 -0500
Processing by PagesController#home as HTML
  Rendering pages/home.html.erb within layouts/application
  Rendered pages/home.html.erb within layouts/application (3.2ms)
Completed 200 OK in 5540ms (Views: 5526.7ms | ActiveRecord: 0.0ms)


